{"D:\\REACT\\ReactTest\\react_mentoring\\src\\App.js": {"path":"D:\\REACT\\ReactTest\\react_mentoring\\src\\App.js","statementMap":{"0":{"start":{"line":10,"column":8},"end":{"line":18,"column":10}}},"fnMap":{"0":{"name":"(anonymous_0)","decl":{"start":{"line":9,"column":4},"end":{"line":9,"column":5}},"loc":{"start":{"line":9,"column":12},"end":{"line":19,"column":5}},"line":9}},"branchMap":{},"s":{"0":1},"f":{"0":1},"b":{},"_coverageSchema":"43e27e138ebf9cfc5966b082cf9a028302ed4184","hash":"e66c2b95e3c7befc8ac4f6234f06eec545f26b81"}
,"D:\\REACT\\ReactTest\\react_mentoring\\src\\assets\\logo.png": {"path":"D:\\REACT\\ReactTest\\react_mentoring\\src\\assets\\logo.png","statementMap":{"0":{"start":{"line":1,"column":0},"end":{"line":1,"column":28}}},"fnMap":{},"branchMap":{},"s":{"0":1},"f":{},"b":{},"_coverageSchema":"43e27e138ebf9cfc5966b082cf9a028302ed4184","hash":"75411bfe7a6ad7424d6913b867d485b76300a4f6"}
,"D:\\REACT\\ReactTest\\react_mentoring\\src\\containers\\mainPage\\MainPage.js": {"path":"D:\\REACT\\ReactTest\\react_mentoring\\src\\containers\\mainPage\\MainPage.js","statementMap":{"0":{"start":{"line":8,"column":8},"end":{"line":14,"column":10}}},"fnMap":{"0":{"name":"(anonymous_0)","decl":{"start":{"line":7,"column":4},"end":{"line":7,"column":5}},"loc":{"start":{"line":7,"column":12},"end":{"line":15,"column":5}},"line":7}},"branchMap":{},"s":{"0":1},"f":{"0":1},"b":{},"_coverageSchema":"43e27e138ebf9cfc5966b082cf9a028302ed4184","hash":"640a5d4bf12d2e5d075c86420dd17417d7d100eb"}
,"D:\\REACT\\ReactTest\\react_mentoring\\src\\containers\\movieList\\MovieItemList.js": {"path":"D:\\REACT\\ReactTest\\react_mentoring\\src\\containers\\movieList\\MovieItemList.js","statementMap":{"0":{"start":{"line":7,"column":4},"end":{"line":7,"column":17}},"1":{"start":{"line":8,"column":4},"end":{"line":8,"column":37}},"2":{"start":{"line":12,"column":4},"end":{"line":17,"column":6}},"3":{"start":{"line":14,"column":41},"end":{"line":14,"column":82}}},"fnMap":{"0":{"name":"(anonymous_0)","decl":{"start":{"line":6,"column":2},"end":{"line":6,"column":3}},"loc":{"start":{"line":6,"column":21},"end":{"line":9,"column":3}},"line":6},"1":{"name":"(anonymous_1)","decl":{"start":{"line":11,"column":2},"end":{"line":11,"column":3}},"loc":{"start":{"line":11,"column":11},"end":{"line":18,"column":3}},"line":11},"2":{"name":"(anonymous_2)","decl":{"start":{"line":14,"column":29},"end":{"line":14,"column":30}},"loc":{"start":{"line":14,"column":41},"end":{"line":14,"column":82}},"line":14}},"branchMap":{},"s":{"0":2,"1":2,"2":2,"3":14},"f":{"0":2,"1":2,"2":14},"b":{},"_coverageSchema":"43e27e138ebf9cfc5966b082cf9a028302ed4184","hash":"b32c857e95fb3e07c5a883530a1f694201f05195"}
,"D:\\REACT\\ReactTest\\react_mentoring\\src\\containers\\movieSingleView\\MovieSingleView.js": {"path":"D:\\REACT\\ReactTest\\react_mentoring\\src\\containers\\movieSingleView\\MovieSingleView.js","statementMap":{"0":{"start":{"line":8,"column":8},"end":{"line":27,"column":14}}},"fnMap":{"0":{"name":"(anonymous_0)","decl":{"start":{"line":7,"column":4},"end":{"line":7,"column":5}},"loc":{"start":{"line":7,"column":13},"end":{"line":28,"column":5}},"line":7}},"branchMap":{},"s":{"0":0},"f":{"0":0},"b":{},"_coverageSchema":"43e27e138ebf9cfc5966b082cf9a028302ed4184","hash":"498e368f03580cc6f9b11e82e2c4c6b40eec168e"}
,"D:\\REACT\\ReactTest\\react_mentoring\\src\\containers\\movieView\\MovieView.js": {"path":"D:\\REACT\\ReactTest\\react_mentoring\\src\\containers\\movieView\\MovieView.js","statementMap":{"0":{"start":{"line":8,"column":8},"end":{"line":14,"column":10}}},"fnMap":{"0":{"name":"(anonymous_0)","decl":{"start":{"line":7,"column":4},"end":{"line":7,"column":5}},"loc":{"start":{"line":7,"column":12},"end":{"line":15,"column":5}},"line":7}},"branchMap":{},"s":{"0":1},"f":{"0":1},"b":{},"_coverageSchema":"43e27e138ebf9cfc5966b082cf9a028302ed4184","hash":"c4429565e91ab2a6a83b1db903efdada96fe0fe8"}
,"D:\\REACT\\ReactTest\\react_mentoring\\src\\containers\\searchContainer\\SearchContainer.js": {"path":"D:\\REACT\\ReactTest\\react_mentoring\\src\\containers\\searchContainer\\SearchContainer.js","statementMap":{"0":{"start":{"line":7,"column":8},"end":{"line":7,"column":21}},"1":{"start":{"line":8,"column":8},"end":{"line":11,"column":9}},"2":{"start":{"line":14,"column":23},"end":{"line":21,"column":5}},"3":{"start":{"line":15,"column":8},"end":{"line":20,"column":9}},"4":{"start":{"line":16,"column":12},"end":{"line":16,"column":48}},"5":{"start":{"line":18,"column":13},"end":{"line":20,"column":9}},"6":{"start":{"line":19,"column":12},"end":{"line":19,"column":48}},"7":{"start":{"line":23,"column":24},"end":{"line":30,"column":5}},"8":{"start":{"line":24,"column":8},"end":{"line":29,"column":9}},"9":{"start":{"line":25,"column":12},"end":{"line":25,"column":47}},"10":{"start":{"line":27,"column":13},"end":{"line":29,"column":9}},"11":{"start":{"line":28,"column":12},"end":{"line":28,"column":48}},"12":{"start":{"line":33,"column":8},"end":{"line":67,"column":10}}},"fnMap":{"0":{"name":"(anonymous_0)","decl":{"start":{"line":6,"column":4},"end":{"line":6,"column":5}},"loc":{"start":{"line":6,"column":23},"end":{"line":12,"column":5}},"line":6},"1":{"name":"(anonymous_1)","decl":{"start":{"line":14,"column":23},"end":{"line":14,"column":24}},"loc":{"start":{"line":14,"column":34},"end":{"line":21,"column":5}},"line":14},"2":{"name":"(anonymous_2)","decl":{"start":{"line":23,"column":24},"end":{"line":23,"column":25}},"loc":{"start":{"line":23,"column":35},"end":{"line":30,"column":5}},"line":23},"3":{"name":"(anonymous_3)","decl":{"start":{"line":32,"column":4},"end":{"line":32,"column":5}},"loc":{"start":{"line":32,"column":13},"end":{"line":68,"column":5}},"line":32}},"branchMap":{"0":{"loc":{"start":{"line":15,"column":8},"end":{"line":20,"column":9}},"type":"if","locations":[{"start":{"line":15,"column":8},"end":{"line":20,"column":9}},{"start":{"line":15,"column":8},"end":{"line":20,"column":9}}],"line":15},"1":{"loc":{"start":{"line":15,"column":11},"end":{"line":15,"column":76}},"type":"binary-expr","locations":[{"start":{"line":15,"column":11},"end":{"line":15,"column":41}},{"start":{"line":15,"column":45},"end":{"line":15,"column":76}}],"line":15},"2":{"loc":{"start":{"line":18,"column":13},"end":{"line":20,"column":9}},"type":"if","locations":[{"start":{"line":18,"column":13},"end":{"line":20,"column":9}},{"start":{"line":18,"column":13},"end":{"line":20,"column":9}}],"line":18},"3":{"loc":{"start":{"line":18,"column":16},"end":{"line":18,"column":81}},"type":"binary-expr","locations":[{"start":{"line":18,"column":16},"end":{"line":18,"column":46}},{"start":{"line":18,"column":50},"end":{"line":18,"column":81}}],"line":18},"4":{"loc":{"start":{"line":24,"column":8},"end":{"line":29,"column":9}},"type":"if","locations":[{"start":{"line":24,"column":8},"end":{"line":29,"column":9}},{"start":{"line":24,"column":8},"end":{"line":29,"column":9}}],"line":24},"5":{"loc":{"start":{"line":24,"column":11},"end":{"line":24,"column":77}},"type":"binary-expr","locations":[{"start":{"line":24,"column":11},"end":{"line":24,"column":42}},{"start":{"line":24,"column":46},"end":{"line":24,"column":77}}],"line":24},"6":{"loc":{"start":{"line":27,"column":13},"end":{"line":29,"column":9}},"type":"if","locations":[{"start":{"line":27,"column":13},"end":{"line":29,"column":9}},{"start":{"line":27,"column":13},"end":{"line":29,"column":9}}],"line":27},"7":{"loc":{"start":{"line":27,"column":16},"end":{"line":27,"column":82}},"type":"binary-expr","locations":[{"start":{"line":27,"column":16},"end":{"line":27,"column":48}},{"start":{"line":27,"column":52},"end":{"line":27,"column":82}}],"line":27},"8":{"loc":{"start":{"line":41,"column":98},"end":{"line":41,"column":153}},"type":"cond-expr","locations":[{"start":{"line":41,"column":131},"end":{"line":41,"column":140}},{"start":{"line":41,"column":143},"end":{"line":41,"column":153}}],"line":41},"9":{"loc":{"start":{"line":44,"column":98},"end":{"line":44,"column":153}},"type":"cond-expr","locations":[{"start":{"line":44,"column":131},"end":{"line":44,"column":141}},{"start":{"line":44,"column":144},"end":{"line":44,"column":153}}],"line":44},"10":{"loc":{"start":{"line":52,"column":101},"end":{"line":52,"column":156}},"type":"cond-expr","locations":[{"start":{"line":52,"column":134},"end":{"line":52,"column":143}},{"start":{"line":52,"column":146},"end":{"line":52,"column":156}}],"line":52},"11":{"loc":{"start":{"line":55,"column":100},"end":{"line":55,"column":155}},"type":"cond-expr","locations":[{"start":{"line":55,"column":133},"end":{"line":55,"column":143}},{"start":{"line":55,"column":146},"end":{"line":55,"column":155}}],"line":55}},"s":{"0":6,"1":6,"2":6,"3":2,"4":1,"5":1,"6":1,"7":6,"8":2,"9":1,"10":1,"11":1,"12":13},"f":{"0":6,"1":2,"2":2,"3":13},"b":{"0":[1,1],"1":[2,1],"2":[1,0],"3":[1,1],"4":[1,1],"5":[2,1],"6":[1,0],"7":[1,1],"8":[11,2],"9":[11,2],"10":[11,2],"11":[11,2]},"_coverageSchema":"43e27e138ebf9cfc5966b082cf9a028302ed4184","hash":"797524ee52e0a1b701a9521a67a0c09da22e3bdc"}
,"D:\\REACT\\ReactTest\\react_mentoring\\src\\shared\\errorBoundary\\ErrorBoundary.js": {"path":"D:\\REACT\\ReactTest\\react_mentoring\\src\\shared\\errorBoundary\\ErrorBoundary.js","statementMap":{"0":{"start":{"line":5,"column":6},"end":{"line":5,"column":18}},"1":{"start":{"line":7,"column":6},"end":{"line":9,"column":7}},"2":{"start":{"line":13,"column":8},"end":{"line":15,"column":9}},"3":{"start":{"line":19,"column":6},"end":{"line":21,"column":7}},"4":{"start":{"line":20,"column":10},"end":{"line":20,"column":46}},"5":{"start":{"line":22,"column":4},"end":{"line":22,"column":30}}},"fnMap":{"0":{"name":"(anonymous_0)","decl":{"start":{"line":4,"column":4},"end":{"line":4,"column":5}},"loc":{"start":{"line":4,"column":23},"end":{"line":10,"column":5}},"line":4},"1":{"name":"(anonymous_1)","decl":{"start":{"line":12,"column":4},"end":{"line":12,"column":5}},"loc":{"start":{"line":12,"column":38},"end":{"line":16,"column":5}},"line":12},"2":{"name":"(anonymous_2)","decl":{"start":{"line":18,"column":2},"end":{"line":18,"column":3}},"loc":{"start":{"line":18,"column":11},"end":{"line":23,"column":3}},"line":18}},"branchMap":{"0":{"loc":{"start":{"line":19,"column":6},"end":{"line":21,"column":7}},"type":"if","locations":[{"start":{"line":19,"column":6},"end":{"line":21,"column":7}},{"start":{"line":19,"column":6},"end":{"line":21,"column":7}}],"line":19}},"s":{"0":1,"1":1,"2":1,"3":2,"4":1,"5":1},"f":{"0":1,"1":1,"2":2},"b":{"0":[1,1]},"_coverageSchema":"43e27e138ebf9cfc5966b082cf9a028302ed4184","hash":"9ea5e2bff2c1373a29b55ffc3695f9409d17f819"}
,"D:\\REACT\\ReactTest\\react_mentoring\\src\\shared\\footer\\Footer.js": {"path":"D:\\REACT\\ReactTest\\react_mentoring\\src\\shared\\footer\\Footer.js","statementMap":{"0":{"start":{"line":6,"column":8},"end":{"line":9,"column":10}}},"fnMap":{"0":{"name":"(anonymous_0)","decl":{"start":{"line":5,"column":4},"end":{"line":5,"column":5}},"loc":{"start":{"line":5,"column":12},"end":{"line":10,"column":5}},"line":5}},"branchMap":{},"s":{"0":1},"f":{"0":1},"b":{},"_coverageSchema":"43e27e138ebf9cfc5966b082cf9a028302ed4184","hash":"b554ade7dd6e9d92b19a3fda28fae198b4b0d8c9"}
,"D:\\REACT\\ReactTest\\react_mentoring\\src\\shared\\movieItem\\MovieItem.js": {"path":"D:\\REACT\\ReactTest\\react_mentoring\\src\\shared\\movieItem\\MovieItem.js","statementMap":{"0":{"start":{"line":6,"column":4},"end":{"line":6,"column":17}},"1":{"start":{"line":9,"column":51},"end":{"line":9,"column":67}},"2":{"start":{"line":10,"column":4},"end":{"line":23,"column":6}}},"fnMap":{"0":{"name":"(anonymous_0)","decl":{"start":{"line":5,"column":2},"end":{"line":5,"column":3}},"loc":{"start":{"line":5,"column":21},"end":{"line":7,"column":3}},"line":5},"1":{"name":"(anonymous_1)","decl":{"start":{"line":8,"column":2},"end":{"line":8,"column":3}},"loc":{"start":{"line":8,"column":11},"end":{"line":24,"column":3}},"line":8}},"branchMap":{},"s":{"0":7,"1":7,"2":7},"f":{"0":7,"1":7},"b":{},"_coverageSchema":"43e27e138ebf9cfc5966b082cf9a028302ed4184","hash":"15a87fbdd6197d4f2351a7e83a78b52667004d5a"}
}
